<?xml version="1.0" encoding="UTF-8"?>
<!-- Generated by org.testng.reporters.JUnitReportReporter -->
<testsuite hostname="eBPC-guillermo.local" name="tests.LoginTests" tests="1" failures="0" timestamp="5 Oct 2020 04:50:30 GMT" time="5.525" errors="0">
  <testcase name="logoutFromProductPage" time="5.525" classname="tests.LoginTests"/>
</testsuite> <!-- tests.LoginTests -->
